# JRE version: Java(TM) SE Runtime Environment (21.0.8+12) (build 21.0.8+12-LTS-250)
# Java VM: Java HotSpot(TM) 64-Bit Server VM (21.0.8+12-LTS-250, mixed mode, sharing, tiered, compressed oops, compressed class ptrs, g1 gc, bsd-aarch64)
GC Precious Log:
 CardTable entry size: 512
 Card Set container configuration: InlinePtr #cards 4 size 8 Array Of Cards #cards 16 size 48 Howl #buckets 8 coarsen threshold 3686 Howl Bitmap #cards 512 size 80 coarsen threshold 460 Card regions per heap region 1 cards per card region 4096
 CPUs: 10 total, 10 available
 Memory: 16384M
 Large Page Support: Disabled
 NUMA Support: Disabled
 Compressed Oops: Enabled (Zero based)
 Heap Region Size: 2M
 Heap Min Capacity: 8M
 Heap Initial Capacity: 256M
 Heap Max Capacity: 4G
 Pre-touch: Disabled
 Parallel Workers: 9
 Concurrent Workers: 2
 Concurrent Refinement Workers: 9
 Periodic GC: Disabled
Heap:
 garbage-first heap   total 69632K, used 60564K [0x0000000700000000, 0x0000000800000000)
  region size 2048K, 16 young (32768K), 6 survivors (12288K)
 Metaspace       used 25871K, committed 26240K, reserved 1114112K
  class space    used 3517K, committed 3712K, reserved 1048576K
GC Heap History (6 events):
Event: 0.133 GC heap before
{Heap before GC invocations=0 (full 0):
 garbage-first heap   total 264192K, used 23595K [0x0000000700000000, 0x0000000800000000)
  region size 2048K, 11 young (22528K), 0 survivors (0K)
 Metaspace       used 4956K, committed 5184K, reserved 1114112K
  class space    used 426K, committed 512K, reserved 1048576K
}
Event: 0.135 GC heap after
{Heap after GC invocations=1 (full 0):
 garbage-first heap   total 264192K, used 3986K [0x0000000700000000, 0x0000000800000000)
  region size 2048K, 2 young (4096K), 2 survivors (4096K)
 Metaspace       used 4956K, committed 5184K, reserved 1114112K
  class space    used 426K, committed 512K, reserved 1048576K
}
Event: 0.568 GC heap before
{Heap before GC invocations=1 (full 0):
 garbage-first heap   total 264192K, used 61330K [0x0000000700000000, 0x0000000800000000)
  region size 2048K, 31 young (63488K), 2 survivors (4096K)
 Metaspace       used 15852K, committed 16192K, reserved 1114112K
  class space    used 2182K, committed 2368K, reserved 1048576K
}
Event: 0.571 GC heap after
{Heap after GC invocations=2 (full 0):
 garbage-first heap   total 264192K, used 9451K [0x0000000700000000, 0x0000000800000000)
  region size 2048K, 4 young (8192K), 4 survivors (8192K)
 Metaspace       used 15852K, committed 16192K, reserved 1114112K
  class space    used 2182K, committed 2368K, reserved 1048576K
}
Event: 0.644 GC heap before
{Heap before GC invocations=2 (full 0):
 garbage-first heap   total 264192K, used 29931K [0x0000000700000000, 0x0000000800000000)
  region size 2048K, 15 young (30720K), 4 survivors (8192K)
 Metaspace       used 21151K, committed 21504K, reserved 1114112K
  class space    used 2825K, committed 3008K, reserved 1048576K
}
Event: 0.646 GC heap after
{Heap after GC invocations=3 (full 0):
 garbage-first heap   total 264192K, used 13460K [0x0000000700000000, 0x0000000800000000)
  region size 2048K, 6 young (12288K), 6 survivors (12288K)
 Metaspace       used 21151K, committed 21504K, reserved 1114112K
  class space    used 2825K, committed 3008K, reserved 1048576K
}

